<?xml version="1.0" encoding="UTF-8"?>
<testng-results skipped="0" failed="0" ignored="0" total="3" passed="3">
  <reporter-output>
  </reporter-output>
  <suite name="FirstTest" duration-ms="36" started-at="2021-11-09T11:41:12 MSK" finished-at="2021-11-09T11:41:12 MSK">
    <groups>
    </groups>
    <test name="Command line test" duration-ms="36" started-at="2021-11-09T11:41:12 MSK" finished-at="2021-11-09T11:41:12 MSK">
      <class name="FirstTest">
        <test-method status="PASS" signature="emptyStrTest()[pri:0, instance:FirstTest@5b275dab]" name="emptyStrTest" duration-ms="6" started-at="2021-11-09T11:41:12 MSK" finished-at="2021-11-09T11:41:12 MSK">
          <reporter-output>
          </reporter-output>
        </test-method> <!-- emptyStrTest -->
        <test-method status="PASS" signature="simpleTest()[pri:0, instance:FirstTest@5b275dab]" name="simpleTest" duration-ms="1" started-at="2021-11-09T11:41:12 MSK" finished-at="2021-11-09T11:41:12 MSK">
          <reporter-output>
          </reporter-output>
        </test-method> <!-- simpleTest -->
        <test-method status="PASS" signature="testNull()[pri:0, instance:FirstTest@5b275dab]" name="testNull" duration-ms="0" started-at="2021-11-09T11:41:12 MSK" finished-at="2021-11-09T11:41:12 MSK">
          <reporter-output>
          </reporter-output>
        </test-method> <!-- testNull -->
      </class> <!-- FirstTest -->
    </test> <!-- Command line test -->
  </suite> <!-- FirstTest -->
</testng-results>
