<?xml version="1.0" encoding="UTF-8"?>
<!-- Generated by org.testng.reporters.JUnitXMLReporter -->
<testsuite hostname="DESKTOP-RQTABIO" ignored="1" tests="3" failures="0" timestamp="2021-11-09T17:47:38 MSK" time="0.033" errors="0">
  <testcase name="errorTest" time="0.004" classname="FirstTest"/>
  <testcase name="simpleTest" time="0.002" classname="FirstTest"/>
  <testcase name="testNull" time="0.0" classname="FirstTest"/>
  <testcase name="emptyStrTest" time="0.0" classname="FirstTest">
    <ignored/>
  </testcase> <!-- emptyStrTest -->
</testsuite>
